Determining if the pthread_create exist failed with the following output:
Change Dir: /home/philar-8/s0017d-1-linux-scripting-Nechrito/build/CMakeFiles/CMakeTmp

Run Build Command:"/usr/bin/make" "cmTC_b596f/fast"
/usr/bin/make -f CMakeFiles/cmTC_b596f.dir/build.make CMakeFiles/cmTC_b596f.dir/build
make[1]: Entering directory '/home/philar-8/s0017d-1-linux-scripting-Nechrito/build/CMakeFiles/CMakeTmp'
Building C object CMakeFiles/cmTC_b596f.dir/CheckSymbolExists.c.o
/usr/bin/cc    -o CMakeFiles/cmTC_b596f.dir/CheckSymbolExists.c.o   -c /home/philar-8/s0017d-1-linux-scripting-Nechrito/build/CMakeFiles/CMakeTmp/CheckSymbolExists.c
Linking C executable cmTC_b596f
/usr/bin/cmake -E cmake_link_script CMakeFiles/cmTC_b596f.dir/link.txt --verbose=1
/usr/bin/cc      -rdynamic CMakeFiles/cmTC_b596f.dir/CheckSymbolExists.c.o  -o cmTC_b596f 
/usr/bin/ld: CMakeFiles/cmTC_b596f.dir/CheckSymbolExists.c.o: in function `main':
CheckSymbolExists.c:(.text+0x1b): undefined reference to `pthread_create'
collect2: error: ld returned 1 exit status
make[1]: *** [CMakeFiles/cmTC_b596f.dir/build.make:87: cmTC_b596f] Error 1
make[1]: Leaving directory '/home/philar-8/s0017d-1-linux-scripting-Nechrito/build/CMakeFiles/CMakeTmp'
make: *** [Makefile:121: cmTC_b596f/fast] Error 2

File /home/philar-8/s0017d-1-linux-scripting-Nechrito/build/CMakeFiles/CMakeTmp/CheckSymbolExists.c:
/* */
#include <pthread.h>

int main(int argc, char** argv)
{
  (void)argv;
#ifndef pthread_create
  return ((int*)(&pthread_create))[argc];
#else
  (void)argc;
  return 0;
#endif
}

Determining if the function pthread_create exists in the pthreads failed with the following output:
Change Dir: /home/philar-8/s0017d-1-linux-scripting-Nechrito/build/CMakeFiles/CMakeTmp

Run Build Command:"/usr/bin/make" "cmTC_c08c7/fast"
/usr/bin/make -f CMakeFiles/cmTC_c08c7.dir/build.make CMakeFiles/cmTC_c08c7.dir/build
make[1]: Entering directory '/home/philar-8/s0017d-1-linux-scripting-Nechrito/build/CMakeFiles/CMakeTmp'
Building C object CMakeFiles/cmTC_c08c7.dir/CheckFunctionExists.c.o
/usr/bin/cc   -DCHECK_FUNCTION_EXISTS=pthread_create   -o CMakeFiles/cmTC_c08c7.dir/CheckFunctionExists.c.o   -c /usr/share/cmake-3.13/Modules/CheckFunctionExists.c
Linking C executable cmTC_c08c7
/usr/bin/cmake -E cmake_link_script CMakeFiles/cmTC_c08c7.dir/link.txt --verbose=1
/usr/bin/cc  -DCHECK_FUNCTION_EXISTS=pthread_create    -rdynamic CMakeFiles/cmTC_c08c7.dir/CheckFunctionExists.c.o  -o cmTC_c08c7 -lpthreads 
/usr/bin/ld: cannot find -lpthreads
collect2: error: ld returned 1 exit status
make[1]: *** [CMakeFiles/cmTC_c08c7.dir/build.make:87: cmTC_c08c7] Error 1
make[1]: Leaving directory '/home/philar-8/s0017d-1-linux-scripting-Nechrito/build/CMakeFiles/CMakeTmp'
make: *** [Makefile:121: cmTC_c08c7/fast] Error 2


